

Started GET "/" for 127.0.0.1 at 2014-01-03 10:08:15 -0600
Processing by Rails::WelcomeController#index as HTML
  Rendered C:/RailsInstaller/Ruby2.0.0/lib/ruby/gems/2.0.0/gems/railties-4.0.0/lib/rails/templates/rails/welcome/index.html.erb (5.0ms)
Completed 200 OK in 51ms (Views: 25.0ms | ActiveRecord: 0.0ms)


Started GET "/rails/info/properties" for 127.0.0.1 at 2014-01-03 10:08:28 -0600
Processing by Rails::InfoController#properties as HTML
  Rendered C:/RailsInstaller/Ruby2.0.0/lib/ruby/gems/2.0.0/gems/railties-4.0.0/lib/rails/templates/rails/info/properties.html.erb (0.0ms)
Completed 200 OK in 48ms (Views: 34.0ms | ActiveRecord: 5.0ms)
  [1m[36m (3.0ms)[0m  [1mCREATE TABLE "schema_migrations" ("version" varchar(255) NOT NULL) [0m
  [1m[35m (2.0ms)[0m  CREATE UNIQUE INDEX "unique_schema_migrations" ON "schema_migrations" ("version")
  [1m[36mActiveRecord::SchemaMigration Load (0.0ms)[0m  [1mSELECT "schema_migrations".* FROM "schema_migrations"[0m
Migrating to CreateUsers (20140317212807)
  [1m[35m (0.0ms)[0m  begin transaction
  [1m[36m (1.0ms)[0m  [1mCREATE TABLE "users" ("id" INTEGER PRIMARY KEY AUTOINCREMENT NOT NULL, "name" varchar(255), "email" varchar(255), "created_at" datetime, "updated_at" datetime) [0m
  [1m[35mSQL (0.0ms)[0m  INSERT INTO "schema_migrations" ("version") VALUES (?)  [["version", "20140317212807"]]
  [1m[36m (3.0ms)[0m  [1mcommit transaction[0m
  [1m[35mActiveRecord::SchemaMigration Load (0.0ms)[0m  SELECT "schema_migrations".* FROM "schema_migrations"


Started GET "/" for 127.0.0.1 at 2014-03-17 16:30:06 -0500
  [1m[36mActiveRecord::SchemaMigration Load (0.0ms)[0m  [1mSELECT "schema_migrations".* FROM "schema_migrations"[0m
Processing by Rails::WelcomeController#index as HTML
  Rendered C:/RailsInstaller/Ruby2.0.0/lib/ruby/gems/2.0.0/gems/railties-4.0.0/lib/rails/templates/rails/welcome/index.html.erb (3.0ms)
Completed 200 OK in 46ms (Views: 21.0ms | ActiveRecord: 0.0ms)


Started GET "/rails/info/properties" for 127.0.0.1 at 2014-03-17 16:30:11 -0500
Processing by Rails::InfoController#properties as */*
  [1m[35mActiveRecord::SchemaMigration Load (0.0ms)[0m  SELECT "schema_migrations".* FROM "schema_migrations"
  Rendered C:/RailsInstaller/Ruby2.0.0/lib/ruby/gems/2.0.0/gems/railties-4.0.0/lib/rails/templates/rails/info/properties.html.erb (0.0ms)
Completed 200 OK in 31ms (Views: 25.0ms | ActiveRecord: 1.0ms)


Started GET "/user" for 127.0.0.1 at 2014-03-17 16:32:52 -0500

ActionController::RoutingError (No route matches [GET] "/user"):
  actionpack (4.0.0) lib/action_dispatch/middleware/debug_exceptions.rb:21:in `call'
  actionpack (4.0.0) lib/action_dispatch/middleware/show_exceptions.rb:30:in `call'
  railties (4.0.0) lib/rails/rack/logger.rb:38:in `call_app'
  railties (4.0.0) lib/rails/rack/logger.rb:21:in `block in call'
  activesupport (4.0.0) lib/active_support/tagged_logging.rb:67:in `block in tagged'
  activesupport (4.0.0) lib/active_support/tagged_logging.rb:25:in `tagged'
  activesupport (4.0.0) lib/active_support/tagged_logging.rb:67:in `tagged'
  railties (4.0.0) lib/rails/rack/logger.rb:21:in `call'
  actionpack (4.0.0) lib/action_dispatch/middleware/request_id.rb:21:in `call'
  rack (1.5.2) lib/rack/methodoverride.rb:21:in `call'
  rack (1.5.2) lib/rack/runtime.rb:17:in `call'
  activesupport (4.0.0) lib/active_support/cache/strategy/local_cache.rb:83:in `call'
  rack (1.5.2) lib/rack/lock.rb:17:in `call'
  actionpack (4.0.0) lib/action_dispatch/middleware/static.rb:64:in `call'
  railties (4.0.0) lib/rails/engine.rb:511:in `call'
  railties (4.0.0) lib/rails/application.rb:97:in `call'
  rack (1.5.2) lib/rack/lock.rb:17:in `call'
  rack (1.5.2) lib/rack/content_length.rb:14:in `call'
  rack (1.5.2) lib/rack/handler/webrick.rb:60:in `service'
  C:/RailsInstaller/Ruby2.0.0/lib/ruby/2.0.0/webrick/httpserver.rb:138:in `service'
  C:/RailsInstaller/Ruby2.0.0/lib/ruby/2.0.0/webrick/httpserver.rb:94:in `run'
  C:/RailsInstaller/Ruby2.0.0/lib/ruby/2.0.0/webrick/server.rb:295:in `block in start_thread'


  Rendered C:/RailsInstaller/Ruby2.0.0/lib/ruby/gems/2.0.0/gems/actionpack-4.0.0/lib/action_dispatch/middleware/templates/rescues/_trace.erb (1.0ms)
  Rendered C:/RailsInstaller/Ruby2.0.0/lib/ruby/gems/2.0.0/gems/actionpack-4.0.0/lib/action_dispatch/middleware/templates/routes/_route.html.erb (1.0ms)
  Rendered C:/RailsInstaller/Ruby2.0.0/lib/ruby/gems/2.0.0/gems/actionpack-4.0.0/lib/action_dispatch/middleware/templates/routes/_table.html.erb (11.0ms)
  Rendered C:/RailsInstaller/Ruby2.0.0/lib/ruby/gems/2.0.0/gems/actionpack-4.0.0/lib/action_dispatch/middleware/templates/rescues/routing_error.erb within rescues/layout (54.0ms)


Started GET "/users" for 127.0.0.1 at 2014-03-17 16:32:55 -0500
Processing by UsersController#index as HTML
  [1m[36mUser Load (0.0ms)[0m  [1mSELECT "users".* FROM "users"[0m
  Rendered users/index.html.erb within layouts/application (2.0ms)
Completed 200 OK in 3041ms (Views: 3037.3ms | ActiveRecord: 0.0ms)


Started GET "/assets/application.css?body=1" for 127.0.0.1 at 2014-03-17 16:32:58 -0500


Started GET "/assets/scaffolds.css?body=1" for 127.0.0.1 at 2014-03-17 16:32:58 -0500


Started GET "/assets/users.css?body=1" for 127.0.0.1 at 2014-03-17 16:32:59 -0500


Started GET "/assets/users.js?body=1" for 127.0.0.1 at 2014-03-17 16:32:59 -0500


Started GET "/assets/jquery.js?body=1" for 127.0.0.1 at 2014-03-17 16:32:59 -0500


Started GET "/assets/jquery_ujs.js?body=1" for 127.0.0.1 at 2014-03-17 16:32:59 -0500


Started GET "/assets/application.js?body=1" for 127.0.0.1 at 2014-03-17 16:32:59 -0500


Started GET "/assets/turbolinks.js?body=1" for 127.0.0.1 at 2014-03-17 16:32:59 -0500


Started GET "/users/new" for 127.0.0.1 at 2014-03-17 16:33:02 -0500
Processing by UsersController#new as HTML
  Rendered users/_form.html.erb (30.0ms)
  Rendered users/new.html.erb within layouts/application (33.0ms)
Completed 200 OK in 41ms (Views: 40.0ms | ActiveRecord: 0.0ms)


Started POST "/users" for 127.0.0.1 at 2014-03-17 16:33:12 -0500
Processing by UsersController#create as HTML
  Parameters: {"utf8"=>"✓", "authenticity_token"=>"DNgpo2gxLnLptp7qO/3Q9hSkgqfhT2ETlmELuLceeJY=", "user"=>{"name"=>"xiaoru zhao", "email"=>"xiaoru@test.com"}, "commit"=>"Create User"}
  [1m[35m (0.0ms)[0m  begin transaction
  [1m[36mSQL (12.0ms)[0m  [1mINSERT INTO "users" ("created_at", "email", "name", "updated_at") VALUES (?, ?, ?, ?)[0m  [["created_at", Mon, 17 Mar 2014 21:33:12 UTC +00:00], ["email", "xiaoru@test.com"], ["name", "xiaoru zhao"], ["updated_at", Mon, 17 Mar 2014 21:33:12 UTC +00:00]]
  [1m[35m (2.0ms)[0m  commit transaction
Redirected to http://localhost:3000/users/1
Completed 302 Found in 19ms (ActiveRecord: 14.0ms)


Started GET "/users/1" for 127.0.0.1 at 2014-03-17 16:33:12 -0500
Processing by UsersController#show as HTML
  Parameters: {"id"=>"1"}
  [1m[36mUser Load (1.0ms)[0m  [1mSELECT "users".* FROM "users" WHERE "users"."id" = ? LIMIT 1[0m  [["id", "1"]]
  Rendered users/show.html.erb within layouts/application (2.0ms)
Completed 200 OK in 11ms (Views: 8.0ms | ActiveRecord: 1.0ms)


Started GET "/users/1/edit" for 127.0.0.1 at 2014-03-17 16:33:14 -0500
Processing by UsersController#edit as HTML
  Parameters: {"id"=>"1"}
  [1m[35mUser Load (0.0ms)[0m  SELECT "users".* FROM "users" WHERE "users"."id" = ? LIMIT 1  [["id", "1"]]
  Rendered users/_form.html.erb (3.0ms)
  Rendered users/edit.html.erb within layouts/application (6.0ms)
Completed 200 OK in 17ms (Views: 14.0ms | ActiveRecord: 0.0ms)


Started GET "/users" for 127.0.0.1 at 2014-03-17 16:33:17 -0500
Processing by UsersController#index as HTML
  [1m[36mUser Load (0.0ms)[0m  [1mSELECT "users".* FROM "users"[0m
  Rendered users/index.html.erb within layouts/application (3.0ms)
Completed 200 OK in 10ms (Views: 10.0ms | ActiveRecord: 0.0ms)


Started GET "/users/1" for 127.0.0.1 at 2014-03-17 16:33:23 -0500
Processing by UsersController#show as HTML
  Parameters: {"id"=>"1"}
  [1m[35mUser Load (0.0ms)[0m  SELECT "users".* FROM "users" WHERE "users"."id" = ? LIMIT 1  [["id", "1"]]
  Rendered users/show.html.erb within layouts/application (0.0ms)
Completed 200 OK in 10ms (Views: 8.0ms | ActiveRecord: 0.0ms)


Started GET "/users/1" for 127.0.0.1 at 2014-03-17 16:59:42 -0500
Processing by UsersController#show as HTML
  Parameters: {"id"=>"1"}
  [1m[36mUser Load (0.0ms)[0m  [1mSELECT "users".* FROM "users" WHERE "users"."id" = ? LIMIT 1[0m  [["id", "1"]]
  Rendered users/show.html.erb within layouts/application (0.0ms)
Completed 200 OK in 12ms (Views: 9.0ms | ActiveRecord: 0.0ms)


Started GET "/users/1.json" for 127.0.0.1 at 2014-03-17 16:59:45 -0500
Processing by UsersController#show as JSON
  Parameters: {"id"=>"1"}
  [1m[35mUser Load (0.0ms)[0m  SELECT "users".* FROM "users" WHERE "users"."id" = ? LIMIT 1  [["id", "1"]]
  Rendered users/show.json.jbuilder (27.0ms)
Completed 200 OK in 33ms (Views: 31.0ms | ActiveRecord: 0.0ms)


Started GET "/users" for 127.0.0.1 at 2014-03-17 16:59:52 -0500
Processing by UsersController#index as HTML
  [1m[36mUser Load (0.0ms)[0m  [1mSELECT "users".* FROM "users"[0m
  Rendered users/index.html.erb within layouts/application (3.0ms)
Completed 200 OK in 11ms (Views: 11.0ms | ActiveRecord: 0.0ms)


Started GET "/users.json" for 127.0.0.1 at 2014-03-17 16:59:56 -0500
Processing by UsersController#index as JSON
  [1m[35mUser Load (0.0ms)[0m  SELECT "users".* FROM "users"
  Rendered users/index.json.jbuilder (2.0ms)
Completed 200 OK in 6ms (Views: 6.0ms | ActiveRecord: 0.0ms)
